<?xml version="1.0" encoding="UTF-8" ?>
<testsuite failures="0" time="2.546" errors="0" skipped="0" tests="9" name="rcaller.RCallerTest">
  <properties>
[...]
</properties>
  <testcase time="0.299" classname="rcaller.RCallerTest" name="testIntArrays"/>
  <testcase time="0.257" classname="rcaller.RCallerTest" name="testDoubleArrays"/>
  <testcase time="0.192" classname="rcaller.RCallerTest" name="testFloatArrays"/>
  <testcase time="0.197" classname="rcaller.RCallerTest" name="testStringArrays"/>
  <testcase time="0.195" classname="rcaller.RCallerTest" name="testLogicalArrays"/>
  <testcase time="0.196" classname="rcaller.RCallerTest" name="testLists"/>
  <testcase time="0.201" classname="rcaller.RCallerTest" name="TestLists2"/>
  <testcase time="0.786" classname="rcaller.RCallerTest" name="testPlot"/>
  <testcase time="0.213" classname="rcaller.RCallerTest" name="singleResultTest"/>
</testsuite>